[2026-02-28T05:50:48.532Z] POST /api/otp/generate - Body: {"phone":"TEST_LOG"}
[2026-02-28T05:51:37.220Z] POST /api/otp/generate - Body: {"phone":"8591784184"}
[2026-02-28T05:51:55.102Z] POST /api/otp/verify - Body: {"phone":"8591784184","code":"560648"}
[2026-02-28T05:53:51.830Z] POST /api/otp/generate - Body: {"phone":"TERMINAL_TEST_2"}

-------------------------------------------
[AUTH] DIRECT_LOG_TRIGGERED for: TERMINAL_TEST_2
[AUTH] GENERATED_OTP: 502499 <<<<<<<<<<<<<<
-------------------------------------------
[2026-02-28T05:54:43.412Z] POST /api/otp/generate - Body: {"phone":"8591784184"}

-------------------------------------------
[AUTH] DIRECT_LOG_TRIGGERED for: 8591784184
[AUTH] GENERATED_OTP: 645079 <<<<<<<<<<<<<<
-------------------------------------------
[2026-02-28T05:54:54.494Z] POST /api/otp/verify - Body: {"phone":"8591784184","code":"645079"}
[2026-02-28T05:54:54.746Z] POST /api/cases - Body: {"payload":{"txn_id":"txn4234123234","amount":"200000","utr":"42312342","beneficiary_vpa":"UPI","bank_name":"BOB","incident_date":"2026-02-28","legitimacy_score":50,"phone":"8591784184","entry_method":"manual"},"origin":"MANUAL"}
[2026-02-28T05:54:55.046Z] GET /api/cases - Body: undefined
[2026-02-28T05:54:55.147Z] GET /api/cases/7f48c988-7009-4108-b3df-910902aeafd7/intelligence - Body: undefined
[2026-02-28T05:55:03.358Z] GET /api/admin/analytics - Body: undefined
[2026-02-28T05:55:03.382Z] GET /api/cases - Body: undefined
[2026-02-28T05:55:03.384Z] GET /api/admin/audit-logs - Body: undefined
[2026-02-28T05:55:44.278Z] GET /api/cases - Body: undefined
[2026-02-28T05:55:45.196Z] GET /api/cases/7f48c988-7009-4108-b3df-910902aeafd7/intelligence - Body: undefined
[2026-02-28T05:55:52.130Z] GET /api/admin/analytics - Body: undefined
[2026-02-28T05:55:52.152Z] GET /api/cases - Body: undefined
[2026-02-28T05:55:52.160Z] GET /api/admin/audit-logs - Body: undefined
[2026-02-28T05:56:21.752Z] GET /api/cases - Body: undefined
[2026-02-28T05:56:21.766Z] GET /api/admin/analytics - Body: undefined
[2026-02-28T05:56:21.769Z] GET /api/admin/audit-logs - Body: undefined
[2026-02-28T05:56:38.847Z] PATCH /api/cases/7f48c988-7009-4108-b3df-910902aeafd7/status - Body: {"status":"FREEZE_CONFIRMED","frozen_amount":200000,"officer_name":"Tanay"}
[2026-02-28T05:56:39.131Z] GET /api/admin/analytics - Body: undefined
[2026-02-28T05:56:39.135Z] GET /api/cases - Body: undefined
[2026-02-28T05:56:39.139Z] GET /api/admin/audit-logs - Body: undefined
[2026-02-28T05:56:39.190Z] GET /api/cases - Body: undefined
[2026-02-28T05:56:39.195Z] GET /api/admin/analytics - Body: undefined
[2026-02-28T05:56:39.199Z] GET /api/admin/audit-logs - Body: undefined
[2026-02-28T06:00:00.349Z] GET /api/cases - Body: undefined
[2026-02-28T06:00:00.360Z] GET /api/cases - Body: undefined
[2026-02-28T06:00:01.407Z] GET /api/cases/7f48c988-7009-4108-b3df-910902aeafd7/intelligence - Body: undefined
[2026-02-28T06:00:01.407Z] GET /api/cases/7f48c988-7009-4108-b3df-910902aeafd7/intelligence - Body: undefined
[2026-02-28T06:00:11.606Z] GET /api/admin/analytics - Body: undefined
[2026-02-28T06:00:11.609Z] GET /api/admin/analytics - Body: undefined
[2026-02-28T06:00:11.615Z] GET /api/cases - Body: undefined
[2026-02-28T06:00:11.618Z] GET /api/admin/audit-logs - Body: undefined
[2026-02-28T06:00:37.039Z] POST /api/cases/7f48c988-7009-4108-b3df-910902aeafd7/escalate - Body: undefined
[2026-02-28T06:00:37.346Z] POST /api/generate-legal - Body: {"case_id":"7f48c988-7009-4108-b3df-910902aeafd7","institution":"Beneficiary Bank"}
[2026-02-28T06:00:37.527Z] GET /api/cases - Body: undefined
[2026-02-28T06:00:37.527Z] GET /api/admin/audit-logs - Body: undefined
[2026-02-28T06:00:37.528Z] GET /api/admin/analytics - Body: undefined
[2026-02-28T06:00:42.106Z] GET /api/cases - Body: undefined
[2026-02-28T06:00:42.108Z] GET /api/admin/analytics - Body: undefined
[2026-02-28T06:00:42.109Z] GET /api/admin/audit-logs - Body: undefined
[2026-02-28T06:00:58.073Z] GET /api/admin/analytics - Body: undefined
[2026-02-28T06:00:58.076Z] GET /api/cases - Body: undefined
[2026-02-28T06:00:58.080Z] GET /api/admin/audit-logs - Body: undefined
[2026-02-28T06:01:20.051Z] GET /api/cases/7f48c988-7009-4108-b3df-910902aeafd7/download-legal - Body: undefined
[2026-02-28T06:01:44.359Z] GET /api/cases - Body: undefined
[2026-02-28T06:01:44.379Z] GET /api/cases - Body: undefined
[2026-02-28T06:01:44.721Z] GET /api/cases/7f48c988-7009-4108-b3df-910902aeafd7/intelligence - Body: undefined
[2026-02-28T06:01:44.722Z] GET /api/cases/7f48c988-7009-4108-b3df-910902aeafd7/intelligence - Body: undefined
[2026-02-28T06:01:56.489Z] GET /api/admin/analytics - Body: undefined
[2026-02-28T06:01:56.494Z] GET /api/admin/analytics - Body: undefined
[2026-02-28T06:01:56.498Z] GET /api/cases - Body: undefined
[2026-02-28T06:01:56.501Z] GET /api/admin/audit-logs - Body: undefined
[2026-02-28T06:02:37.932Z] GET /api/cases - Body: undefined
[2026-02-28T06:02:37.939Z] GET /api/cases - Body: undefined
[2026-02-28T06:02:39.021Z] GET /api/cases - Body: undefined
[2026-02-28T06:02:39.022Z] GET /api/cases - Body: undefined
[2026-02-28T06:02:39.145Z] GET /api/cases/7f48c988-7009-4108-b3df-910902aeafd7/intelligence - Body: undefined
[2026-02-28T06:02:39.147Z] GET /api/cases/7f48c988-7009-4108-b3df-910902aeafd7/intelligence - Body: undefined
[2026-02-28T06:02:45.641Z] GET /api/cases - Body: undefined
[2026-02-28T06:02:45.646Z] GET /api/admin/analytics - Body: undefined
[2026-02-28T06:02:45.649Z] GET /api/admin/audit-logs - Body: undefined
[2026-02-28T09:39:37.610Z] GET /api/cases - Body: undefined
[2026-02-28T09:39:39.323Z] GET /api/cases/7f48c988-7009-4108-b3df-910902aeafd7/intelligence - Body: undefined
[2026-02-28T09:48:53.791Z] POST /api/otp/generate - Body: {"phone":"8591784184"}

-------------------------------------------
[AUTH] DIRECT_LOG_TRIGGERED for: 8591784184
[AUTH] GENERATED_OTP: 768941 <<<<<<<<<<<<<<
-------------------------------------------
[2026-02-28T09:49:17.007Z] POST /api/otp/verify - Body: {"phone":"8591784184","code":"768941"}
[2026-02-28T09:49:17.251Z] POST /api/cases - Body: {"payload":{"txn_id":"txn123456789","amount":"5477","utr":"12345678","beneficiary_vpa":"UPI","bank_name":"BOB","incident_date":"2026-02-28","legitimacy_score":50,"phone":"8591784184","entry_method":"manual"},"origin":"MANUAL"}
[2026-02-28T09:49:17.542Z] GET /api/cases - Body: undefined
[2026-02-28T09:49:17.636Z] GET /api/cases/c95e7776-15f9-428f-8697-2070546d7a1e/intelligence - Body: undefined
[2026-02-28T09:56:58.756Z] GET /api/cases - Body: undefined
[2026-02-28T09:56:59.922Z] GET /api/cases/c95e7776-15f9-428f-8697-2070546d7a1e/intelligence - Body: undefined
[2026-02-28T09:57:15.228Z] GET /api/cases - Body: undefined
[2026-02-28T09:57:15.239Z] GET /api/cases - Body: undefined
[2026-02-28T09:57:20.824Z] GET /api/cases - Body: undefined
[2026-02-28T09:57:20.828Z] GET /api/cases - Body: undefined
[2026-02-28T09:57:21.554Z] GET /api/cases/c95e7776-15f9-428f-8697-2070546d7a1e/intelligence - Body: undefined
[2026-02-28T09:57:21.830Z] GET /api/cases/c95e7776-15f9-428f-8697-2070546d7a1e/intelligence - Body: undefined
[2026-02-28T09:58:08.010Z] GET /api/admin/analytics - Body: undefined
[2026-02-28T09:58:08.022Z] GET /api/cases - Body: undefined
[2026-02-28T09:58:08.024Z] GET /api/admin/audit-logs - Body: undefined
[2026-02-28T09:58:42.802Z] GET /api/admin/analytics - Body: undefined
[2026-02-28T09:58:42.817Z] GET /api/cases - Body: undefined
[2026-02-28T09:58:42.819Z] GET /api/admin/audit-logs - Body: undefined
[2026-02-28T10:00:29.570Z] PATCH /api/cases/c95e7776-15f9-428f-8697-2070546d7a1e/status - Body: {"status":"REJECTED","officer_name":"Tanay"}
[2026-02-28T10:00:30.192Z] GET /api/cases - Body: undefined
[2026-02-28T10:00:30.195Z] GET /api/admin/analytics - Body: undefined
[2026-02-28T10:00:30.199Z] GET /api/admin/audit-logs - Body: undefined
[2026-02-28T10:00:35.083Z] GET /api/cases - Body: undefined
[2026-02-28T10:00:35.944Z] GET /api/cases/c95e7776-15f9-428f-8697-2070546d7a1e/intelligence - Body: undefined
[2026-02-28T10:00:35.948Z] GET /api/cases/c95e7776-15f9-428f-8697-2070546d7a1e/intelligence - Body: undefined
[2026-02-28T10:00:42.323Z] GET /api/cases - Body: undefined
[2026-02-28T10:00:42.328Z] GET /api/cases - Body: undefined
[2026-02-28T10:00:42.494Z] GET /api/cases/c95e7776-15f9-428f-8697-2070546d7a1e/intelligence - Body: undefined
[2026-02-28T10:00:42.718Z] GET /api/cases/c95e7776-15f9-428f-8697-2070546d7a1e/intelligence - Body: undefined
[2026-02-28T10:00:46.657Z] GET /api/admin/analytics - Body: undefined
[2026-02-28T10:00:46.676Z] GET /api/cases - Body: undefined
[2026-02-28T10:00:46.679Z] GET /api/admin/audit-logs - Body: undefined
[2026-02-28T10:00:47.662Z] GET /api/cases - Body: undefined
[2026-02-28T10:00:47.664Z] GET /api/cases - Body: undefined
[2026-02-28T10:00:56.039Z] GET /api/cases - Body: undefined
[2026-02-28T10:00:56.047Z] GET /api/cases - Body: undefined
[2026-02-28T10:00:56.223Z] GET /api/cases/7f48c988-7009-4108-b3df-910902aeafd7/intelligence - Body: undefined
[2026-02-28T10:00:56.486Z] GET /api/cases/7f48c988-7009-4108-b3df-910902aeafd7/intelligence - Body: undefined
[2026-02-28T10:01:11.293Z] GET /api/admin/analytics - Body: undefined
[2026-02-28T10:01:11.299Z] GET /api/admin/analytics - Body: undefined
[2026-02-28T10:01:11.304Z] GET /api/cases - Body: undefined
[2026-02-28T10:01:11.308Z] GET /api/admin/audit-logs - Body: undefined
[2026-02-28T10:01:18.478Z] GET /api/cases/eccb25b5-07ef-44d2-8fc7-9d9008fcf79f/download-legal - Body: undefined
[2026-02-28T10:01:54.269Z] GET /api/cases - Body: undefined
[2026-02-28T10:01:54.294Z] GET /api/admin/audit-logs - Body: undefined
[2026-02-28T10:01:54.295Z] GET /api/admin/analytics - Body: undefined
[2026-02-28T10:02:10.377Z] PATCH /api/cases/eccb25b5-07ef-44d2-8fc7-9d9008fcf79f/status - Body: {"status":"FREEZE_CONFIRMED","frozen_amount":14532,"officer_name":"Tanay"}
[2026-02-28T10:02:10.948Z] GET /api/cases - Body: undefined
[2026-02-28T10:02:10.952Z] GET /api/admin/analytics - Body: undefined
[2026-02-28T10:02:10.956Z] GET /api/admin/audit-logs - Body: undefined
[2026-02-28T10:02:11.014Z] GET /api/cases - Body: undefined
[2026-02-28T10:02:11.019Z] GET /api/admin/analytics - Body: undefined
[2026-02-28T10:02:11.023Z] GET /api/admin/audit-logs - Body: undefined
[2026-02-28T10:02:46.377Z] POST /api/cases/eccb25b5-07ef-44d2-8fc7-9d9008fcf79f/escalate - Body: undefined
[2026-02-28T10:02:46.977Z] POST /api/generate-legal - Body: {"case_id":"eccb25b5-07ef-44d2-8fc7-9d9008fcf79f","institution":"Beneficiary Bank"}
[2026-02-28T10:02:47.251Z] GET /api/cases - Body: undefined
[2026-02-28T10:02:47.255Z] GET /api/admin/analytics - Body: undefined
[2026-02-28T10:02:47.258Z] GET /api/admin/audit-logs - Body: undefined
[2026-02-28T10:02:52.285Z] GET /api/cases - Body: undefined
[2026-02-28T10:02:52.287Z] GET /api/admin/analytics - Body: undefined
[2026-02-28T10:02:52.290Z] GET /api/admin/audit-logs - Body: undefined
[2026-02-28T10:03:24.164Z] GET /api/cases - Body: undefined
[2026-02-28T10:03:24.175Z] GET /api/cases - Body: undefined
[2026-02-28T10:03:27.726Z] GET /api/cases - Body: undefined
[2026-02-28T10:03:27.729Z] GET /api/cases - Body: undefined
[2026-02-28T10:03:27.817Z] GET /api/cases/c95e7776-15f9-428f-8697-2070546d7a1e/intelligence - Body: undefined
[2026-02-28T10:03:27.826Z] GET /api/cases/c95e7776-15f9-428f-8697-2070546d7a1e/intelligence - Body: undefined
[2026-02-28T10:03:30.760Z] GET /api/cases - Body: undefined
[2026-02-28T10:03:30.763Z] GET /api/cases - Body: undefined
[2026-02-28T10:03:32.835Z] GET /api/admin/analytics - Body: undefined
[2026-02-28T10:03:32.837Z] GET /api/admin/analytics - Body: undefined
[2026-02-28T10:03:32.844Z] GET /api/cases - Body: undefined
[2026-02-28T10:03:32.846Z] GET /api/admin/audit-logs - Body: undefined
[2026-02-28T10:03:40.826Z] GET /api/cases - Body: undefined
[2026-02-28T10:03:40.829Z] GET /api/cases - Body: undefined
[2026-02-28T10:03:42.278Z] GET /api/admin/analytics - Body: undefined
[2026-02-28T10:03:42.280Z] GET /api/admin/analytics - Body: undefined
[2026-02-28T10:03:42.289Z] GET /api/cases - Body: undefined
[2026-02-28T10:03:42.292Z] GET /api/admin/audit-logs - Body: undefined
[2026-02-28T10:03:58.310Z] GET /api/cases - Body: undefined
[2026-02-28T10:03:58.316Z] GET /api/cases - Body: undefined
[2026-02-28T10:03:59.857Z] GET /api/cases - Body: undefined
[2026-02-28T10:03:59.859Z] GET /api/cases - Body: undefined
[2026-02-28T10:03:59.954Z] GET /api/cases/c95e7776-15f9-428f-8697-2070546d7a1e/intelligence - Body: undefined
[2026-02-28T10:03:59.965Z] GET /api/cases/c95e7776-15f9-428f-8697-2070546d7a1e/intelligence - Body: undefined
[2026-02-28T10:04:13.981Z] GET /api/cases - Body: undefined
[2026-02-28T10:04:13.986Z] GET /api/cases - Body: undefined
[2026-02-28T10:04:14.156Z] GET /api/cases/c95e7776-15f9-428f-8697-2070546d7a1e/intelligence - Body: undefined
[2026-02-28T10:04:14.157Z] GET /api/cases/c95e7776-15f9-428f-8697-2070546d7a1e/intelligence - Body: undefined
[2026-02-28T10:04:24.406Z] GET /api/cases - Body: undefined
[2026-02-28T10:04:24.414Z] GET /api/cases - Body: undefined
[2026-02-28T10:04:24.561Z] GET /api/cases/c95e7776-15f9-428f-8697-2070546d7a1e/intelligence - Body: undefined
[2026-02-28T10:04:24.569Z] GET /api/cases/c95e7776-15f9-428f-8697-2070546d7a1e/intelligence - Body: undefined
[2026-02-28T10:04:28.626Z] GET /api/cases - Body: undefined
[2026-02-28T10:04:28.630Z] GET /api/cases - Body: undefined
[2026-02-28T10:04:28.784Z] GET /api/cases/c95e7776-15f9-428f-8697-2070546d7a1e/intelligence - Body: undefined
[2026-02-28T10:04:28.822Z] GET /api/cases/c95e7776-15f9-428f-8697-2070546d7a1e/intelligence - Body: undefined
[2026-02-28T10:04:42.218Z] GET /api/admin/analytics - Body: undefined
[2026-02-28T10:04:42.250Z] GET /api/admin/analytics - Body: undefined
[2026-02-28T10:04:42.252Z] GET /api/cases - Body: undefined
[2026-02-28T10:04:42.254Z] GET /api/admin/audit-logs - Body: undefined
[2026-02-28T10:06:45.690Z] GET /api/cases - Body: undefined
[2026-02-28T10:06:46.514Z] GET /api/cases/c95e7776-15f9-428f-8697-2070546d7a1e/intelligence - Body: undefined
[2026-02-28T10:08:43.711Z] GET /api/cases - Body: undefined
[2026-02-28T10:08:44.472Z] GET /api/cases/c95e7776-15f9-428f-8697-2070546d7a1e/intelligence - Body: undefined
[2026-02-28T10:08:59.881Z] POST /api/cases/ingest/ocr - Body: undefined
[2026-02-28T10:10:40.512Z] GET /api/cases - Body: undefined
[2026-02-28T10:10:40.860Z] GET /api/cases/c95e7776-15f9-428f-8697-2070546d7a1e/intelligence - Body: undefined
[2026-02-28T10:11:21.427Z] GET /api/admin/analytics - Body: undefined
[2026-02-28T10:11:31.832Z] GET /api/cases - Body: undefined
[2026-02-28T10:11:31.839Z] GET /api/admin/analytics - Body: undefined
[2026-02-28T10:11:31.841Z] GET /api/admin/audit-logs - Body: undefined
[2026-02-28T10:12:53.980Z] GET /api/cases - Body: undefined
[2026-02-28T10:12:53.997Z] GET /api/admin/analytics - Body: undefined
[2026-02-28T10:12:54.001Z] GET /api/admin/audit-logs - Body: undefined
[2026-02-28T10:13:05.506Z] POST /api/cases/c95e7776-15f9-428f-8697-2070546d7a1e/escalate - Body: undefined
[2026-02-28T10:13:06.013Z] POST /api/generate-legal - Body: {"case_id":"c95e7776-15f9-428f-8697-2070546d7a1e","institution":"Beneficiary Bank"}
[2026-02-28T10:13:06.254Z] GET /api/cases - Body: undefined
[2026-02-28T10:13:06.255Z] GET /api/admin/analytics - Body: undefined
[2026-02-28T10:13:06.256Z] GET /api/admin/audit-logs - Body: undefined
[2026-02-28T10:13:12.081Z] GET /api/cases - Body: undefined
[2026-02-28T10:13:12.083Z] GET /api/admin/analytics - Body: undefined
[2026-02-28T10:13:12.086Z] GET /api/admin/audit-logs - Body: undefined
[2026-02-28T10:13:17.613Z] GET /api/cases - Body: undefined
[2026-02-28T10:13:17.623Z] GET /api/admin/analytics - Body: undefined
[2026-02-28T10:13:17.628Z] GET /api/admin/audit-logs - Body: undefined
[2026-02-28T10:13:21.977Z] POST /api/cases/c95e7776-15f9-428f-8697-2070546d7a1e/escalate - Body: undefined
[2026-02-28T10:13:22.075Z] POST /api/generate-legal - Body: {"case_id":"c95e7776-15f9-428f-8697-2070546d7a1e","institution":"Beneficiary Bank"}
[2026-02-28T10:13:22.350Z] GET /api/cases - Body: undefined
[2026-02-28T10:13:22.353Z] GET /api/admin/analytics - Body: undefined
[2026-02-28T10:13:22.356Z] GET /api/admin/audit-logs - Body: undefined
[2026-02-28T10:13:26.093Z] GET /api/admin/analytics - Body: undefined
[2026-02-28T10:13:26.101Z] GET /api/admin/analytics - Body: undefined
[2026-02-28T10:13:26.106Z] GET /api/cases - Body: undefined
[2026-02-28T10:13:26.114Z] GET /api/admin/audit-logs - Body: undefined
[2026-02-28T10:13:33.448Z] GET /api/cases/c95e7776-15f9-428f-8697-2070546d7a1e/download-legal - Body: undefined
[2026-02-28T10:13:59.254Z] GET /api/cases - Body: undefined
[2026-02-28T10:13:59.259Z] GET /api/admin/analytics - Body: undefined
[2026-02-28T10:13:59.264Z] GET /api/admin/audit-logs - Body: undefined
[2026-02-28T10:14:16.983Z] GET /api/admin/analytics - Body: undefined
[2026-02-28T10:14:17.000Z] GET /api/cases - Body: undefined
[2026-02-28T10:14:17.004Z] GET /api/admin/audit-logs - Body: undefined
[2026-02-28T10:16:24.452Z] PATCH /api/cases/7f48c988-7009-4108-b3df-910902aeafd7/status - Body: {"status":"REJECTED","officer_name":"Tanay"}
[2026-02-28T10:16:25.253Z] GET /api/cases - Body: undefined
[2026-02-28T10:16:25.256Z] GET /api/admin/analytics - Body: undefined
[2026-02-28T10:16:25.259Z] GET /api/admin/audit-logs - Body: undefined
[2026-02-28T10:17:31.464Z] GET /api/admin/analytics - Body: undefined
[2026-02-28T10:17:31.475Z] GET /api/cases - Body: undefined
[2026-02-28T10:17:31.477Z] GET /api/admin/audit-logs - Body: undefined
[2026-02-28T10:17:49.190Z] GET /api/admin/analytics - Body: undefined
[2026-02-28T10:17:49.194Z] GET /api/cases - Body: undefined
[2026-02-28T10:17:49.202Z] GET /api/admin/audit-logs - Body: undefined
[2026-02-28T10:18:26.374Z] POST /api/cases/88679f2c-fa91-46e2-999e-cde2966a9fa9/escalate - Body: undefined
[2026-02-28T10:18:26.856Z] POST /api/generate-legal - Body: {"case_id":"88679f2c-fa91-46e2-999e-cde2966a9fa9","institution":"Beneficiary Bank"}
[2026-02-28T10:18:26.957Z] GET /api/cases - Body: undefined
[2026-02-28T10:18:26.962Z] GET /api/admin/analytics - Body: undefined
[2026-02-28T10:18:26.986Z] GET /api/admin/audit-logs - Body: undefined
[2026-02-28T10:18:32.212Z] GET /api/cases - Body: undefined
[2026-02-28T10:18:32.213Z] GET /api/admin/analytics - Body: undefined
[2026-02-28T10:18:32.216Z] GET /api/admin/audit-logs - Body: undefined
[2026-02-28T10:18:33.367Z] GET /api/admin/analytics - Body: undefined
[2026-02-28T10:18:33.369Z] GET /api/admin/analytics - Body: undefined
[2026-02-28T10:18:33.382Z] GET /api/cases - Body: undefined
[2026-02-28T10:18:33.384Z] GET /api/admin/audit-logs - Body: undefined
[2026-02-28T10:19:07.830Z] PATCH /api/cases/c95e7776-15f9-428f-8697-2070546d7a1e/status - Body: {"status":"PARTIALLY_FROZEN","frozen_amount":1234,"total_balance":1234,"officer_name":"Tanay"}
[2026-02-28T10:19:08.439Z] GET /api/cases - Body: undefined
[2026-02-28T10:19:08.444Z] GET /api/admin/analytics - Body: undefined
[2026-02-28T10:19:08.452Z] GET /api/admin/audit-logs - Body: undefined
[2026-02-28T10:19:08.460Z] GET /api/cases - Body: undefined
[2026-02-28T10:19:08.462Z] GET /api/admin/analytics - Body: undefined
[2026-02-28T10:19:08.464Z] GET /api/admin/audit-logs - Body: undefined
[2026-02-28T10:21:28.202Z] GET /api/cases - Body: undefined
[2026-02-28T10:21:28.218Z] GET /api/cases - Body: undefined
[2026-02-28T10:21:28.987Z] GET /api/cases/c95e7776-15f9-428f-8697-2070546d7a1e/intelligence - Body: undefined
[2026-02-28T10:21:34.427Z] GET /api/admin/analytics - Body: undefined
[2026-02-28T10:21:34.430Z] GET /api/admin/analytics - Body: undefined
[2026-02-28T10:21:34.436Z] GET /api/cases - Body: undefined
[2026-02-28T10:21:34.440Z] GET /api/admin/audit-logs - Body: undefined
[2026-02-28T10:21:47.672Z] GET /api/cases - Body: undefined
[2026-02-28T10:21:47.679Z] GET /api/cases - Body: undefined
[2026-02-28T10:21:47.825Z] GET /api/cases/c95e7776-15f9-428f-8697-2070546d7a1e/intelligence - Body: undefined
[2026-02-28T10:21:47.833Z] GET /api/cases/c95e7776-15f9-428f-8697-2070546d7a1e/intelligence - Body: undefined
[2026-02-28T10:21:57.752Z] GET /api/admin/analytics - Body: undefined
[2026-02-28T10:21:57.756Z] GET /api/admin/analytics - Body: undefined
[2026-02-28T10:21:57.759Z] GET /api/admin/audit-logs - Body: undefined
[2026-02-28T10:21:57.762Z] GET /api/cases - Body: undefined
[2026-02-28T10:22:09.044Z] PATCH /api/cases/c95e7776-15f9-428f-8697-2070546d7a1e/status - Body: {"status":"FREEZE_CONFIRMED","frozen_amount":5477,"officer_name":"Tanay"}
[2026-02-28T10:22:09.240Z] GET /api/cases - Body: undefined
[2026-02-28T10:22:09.243Z] GET /api/admin/analytics - Body: undefined
[2026-02-28T10:22:09.246Z] GET /api/admin/audit-logs - Body: undefined
[2026-02-28T10:22:09.438Z] GET /api/cases - Body: undefined
[2026-02-28T10:22:09.440Z] GET /api/admin/analytics - Body: undefined
[2026-02-28T10:22:09.441Z] GET /api/admin/audit-logs - Body: undefined
[2026-02-28T10:22:13.096Z] GET /api/cases - Body: undefined
[2026-02-28T10:22:13.099Z] GET /api/cases - Body: undefined
[2026-02-28T10:22:13.165Z] GET /api/cases/c95e7776-15f9-428f-8697-2070546d7a1e/intelligence - Body: undefined
[2026-02-28T10:22:13.172Z] GET /api/cases/c95e7776-15f9-428f-8697-2070546d7a1e/intelligence - Body: undefined
[2026-02-28T10:23:45.809Z] GET /api/cases - Body: undefined
[2026-02-28T10:23:45.822Z] GET /api/cases - Body: undefined
[2026-02-28T10:23:51.051Z] GET /api/admin/analytics - Body: undefined
[2026-02-28T10:23:51.053Z] GET /api/admin/analytics - Body: undefined
[2026-02-28T10:23:51.057Z] GET /api/cases - Body: undefined
[2026-02-28T10:23:51.060Z] GET /api/admin/audit-logs - Body: undefined
[2026-02-28T10:23:56.557Z] GET /api/cases - Body: undefined
[2026-02-28T10:23:56.560Z] GET /api/cases - Body: undefined
[2026-02-28T10:23:56.762Z] GET /api/cases/c95e7776-15f9-428f-8697-2070546d7a1e/intelligence - Body: undefined
[2026-02-28T10:23:57.027Z] GET /api/cases/c95e7776-15f9-428f-8697-2070546d7a1e/intelligence - Body: undefined
[2026-02-28T10:24:00.088Z] GET /api/admin/analytics - Body: undefined
[2026-02-28T10:24:00.100Z] GET /api/admin/analytics - Body: undefined
[2026-02-28T10:24:00.105Z] GET /api/cases - Body: undefined
[2026-02-28T10:24:00.107Z] GET /api/admin/audit-logs - Body: undefined
[2026-02-28T10:24:05.332Z] PATCH /api/cases/c95e7776-15f9-428f-8697-2070546d7a1e/status - Body: {"status":"REJECTED","officer_name":"Tanay"}
[2026-02-28T10:24:05.579Z] GET /api/cases - Body: undefined
[2026-02-28T10:24:05.582Z] GET /api/admin/analytics - Body: undefined
[2026-02-28T10:24:05.585Z] GET /api/admin/audit-logs - Body: undefined
[2026-02-28T10:24:05.798Z] GET /api/cases - Body: undefined
[2026-02-28T10:24:05.801Z] GET /api/admin/analytics - Body: undefined
[2026-02-28T10:24:05.802Z] GET /api/admin/audit-logs - Body: undefined
[2026-02-28T10:24:07.850Z] GET /api/cases - Body: undefined
[2026-02-28T10:24:07.852Z] GET /api/cases - Body: undefined
[2026-02-28T10:24:07.929Z] GET /api/cases/c95e7776-15f9-428f-8697-2070546d7a1e/intelligence - Body: undefined
[2026-02-28T10:24:07.931Z] GET /api/cases/c95e7776-15f9-428f-8697-2070546d7a1e/intelligence - Body: undefined
[2026-02-28T10:24:13.460Z] GET /api/cases - Body: undefined
[2026-02-28T10:24:13.462Z] GET /api/cases - Body: undefined
[2026-02-28T10:24:13.599Z] GET /api/cases/c95e7776-15f9-428f-8697-2070546d7a1e/intelligence - Body: undefined
[2026-02-28T10:24:13.605Z] GET /api/cases/c95e7776-15f9-428f-8697-2070546d7a1e/intelligence - Body: undefined
[2026-02-28T10:25:31.001Z] GET /api/admin/analytics - Body: undefined
[2026-02-28T10:25:31.022Z] GET /api/cases - Body: undefined
[2026-02-28T10:25:31.024Z] GET /api/admin/audit-logs - Body: undefined
[2026-02-28T10:25:40.722Z] GET /api/cases - Body: undefined
[2026-02-28T10:25:40.728Z] GET /api/cases - Body: undefined
[2026-02-28T10:25:46.534Z] GET /api/cases - Body: undefined
[2026-02-28T10:25:46.539Z] GET /api/cases - Body: undefined
[2026-02-28T10:25:46.684Z] GET /api/cases/c95e7776-15f9-428f-8697-2070546d7a1e/intelligence - Body: undefined
[2026-02-28T10:25:46.948Z] GET /api/cases/c95e7776-15f9-428f-8697-2070546d7a1e/intelligence - Body: undefined
[2026-02-28T10:27:24.128Z] GET /api/cases - Body: undefined
[2026-02-28T10:27:24.360Z] GET /api/cases/c95e7776-15f9-428f-8697-2070546d7a1e/intelligence - Body: undefined
[2026-02-28T10:27:27.242Z] GET /api/admin/analytics - Body: undefined
[2026-02-28T10:27:27.276Z] GET /api/cases - Body: undefined
[2026-02-28T10:27:27.279Z] GET /api/admin/audit-logs - Body: undefined
[2026-02-28T10:33:47.280Z] GET /api/cases - Body: undefined
[2026-02-28T10:33:47.669Z] GET /api/cases/c95e7776-15f9-428f-8697-2070546d7a1e/intelligence - Body: undefined
[2026-02-28T10:41:21.658Z] GET /api/cases - Body: undefined
[2026-02-28T10:41:22.839Z] GET /api/cases/c95e7776-15f9-428f-8697-2070546d7a1e/intelligence - Body: undefined
[2026-02-28T10:41:33.122Z] GET /api/cases - Body: undefined
[2026-02-28T10:41:33.131Z] GET /api/cases - Body: undefined
[2026-02-28T10:41:35.798Z] GET /api/cases - Body: undefined
[2026-02-28T10:41:35.802Z] GET /api/cases - Body: undefined
[2026-02-28T10:41:39.757Z] GET /api/cases - Body: undefined
[2026-02-28T10:41:39.759Z] GET /api/cases - Body: undefined
[2026-02-28T10:41:39.819Z] GET /api/cases/88679f2c-fa91-46e2-999e-cde2966a9fa9/intelligence - Body: undefined
[2026-02-28T10:44:23.303Z] GET /api/cases - Body: undefined
[2026-02-28T10:44:23.341Z] GET /api/cases - Body: undefined
[2026-02-28T10:44:28.025Z] GET /api/cases - Body: undefined
[2026-02-28T10:44:28.028Z] GET /api/cases - Body: undefined
[2026-02-28T10:44:28.293Z] GET /api/cases/c95e7776-15f9-428f-8697-2070546d7a1e/intelligence - Body: undefined
[2026-02-28T10:44:28.302Z] GET /api/cases/c95e7776-15f9-428f-8697-2070546d7a1e/intelligence - Body: undefined
[2026-02-28T10:44:55.806Z] GET /api/cases - Body: undefined
[2026-02-28T10:44:55.811Z] GET /api/cases - Body: undefined
[2026-02-28T10:44:55.988Z] GET /api/cases/c95e7776-15f9-428f-8697-2070546d7a1e/intelligence - Body: undefined
[2026-02-28T10:44:56.273Z] GET /api/cases/c95e7776-15f9-428f-8697-2070546d7a1e/intelligence - Body: undefined
[2026-02-28T10:45:30.956Z] POST /api/otp/generate - Body: {"phone":"8591784184"}

-------------------------------------------
[AUTH] DIRECT_LOG_TRIGGERED for: 8591784184
[AUTH] GENERATED_OTP: 313269 <<<<<<<<<<<<<<
-------------------------------------------
[2026-02-28T10:45:39.215Z] POST /api/otp/verify - Body: {"phone":"8591784184","code":"313269"}
[2026-02-28T10:45:39.461Z] POST /api/cases - Body: {"payload":{"txn_id":"txn2e32442","amount":"324232","utr":"241312434232","beneficiary_vpa":"23423","bank_name":"BOB","incident_date":"2026-02-28","legitimacy_score":50,"phone":"8591784184","entry_method":"manual"},"origin":"MANUAL"}
[2026-02-28T10:45:39.796Z] GET /api/cases - Body: undefined
[2026-02-28T10:45:40.111Z] GET /api/cases/26cd3f35-1c8f-409b-a0b1-90be27f6843a/intelligence - Body: undefined
[2026-02-28T10:45:46.654Z] GET /api/admin/analytics - Body: undefined
[2026-02-28T10:45:46.677Z] GET /api/cases - Body: undefined
[2026-02-28T10:45:46.681Z] GET /api/admin/audit-logs - Body: undefined
[2026-02-28T10:45:59.850Z] PATCH /api/cases/26cd3f35-1c8f-409b-a0b1-90be27f6843a/status - Body: {"status":"FREEZE_SENT","officer_name":"Tanay"}
[2026-02-28T10:46:01.241Z] GET /api/cases - Body: undefined
[2026-02-28T10:46:01.245Z] GET /api/admin/analytics - Body: undefined
[2026-02-28T10:46:01.246Z] GET /api/admin/audit-logs - Body: undefined
[2026-02-28T10:46:01.335Z] GET /api/cases - Body: undefined
[2026-02-28T10:46:01.337Z] GET /api/admin/analytics - Body: undefined
[2026-02-28T10:46:01.338Z] GET /api/admin/audit-logs - Body: undefined
[2026-02-28T10:46:06.513Z] GET /api/cases - Body: undefined
[2026-02-28T10:46:06.517Z] GET /api/cases - Body: undefined
[2026-02-28T10:46:06.703Z] GET /api/cases/26cd3f35-1c8f-409b-a0b1-90be27f6843a/intelligence - Body: undefined
[2026-02-28T10:46:06.714Z] GET /api/cases/26cd3f35-1c8f-409b-a0b1-90be27f6843a/intelligence - Body: undefined
[2026-02-28T10:46:13.846Z] GET /api/admin/analytics - Body: undefined
[2026-02-28T10:46:13.852Z] GET /api/admin/analytics - Body: undefined
[2026-02-28T10:46:13.858Z] GET /api/cases - Body: undefined
[2026-02-28T10:46:13.863Z] GET /api/admin/audit-logs - Body: undefined
[2026-02-28T10:46:24.434Z] GET /api/cases - Body: undefined
[2026-02-28T10:46:24.437Z] GET /api/cases - Body: undefined
[2026-02-28T10:46:24.571Z] GET /api/cases/26cd3f35-1c8f-409b-a0b1-90be27f6843a/intelligence - Body: undefined
[2026-02-28T10:46:24.586Z] GET /api/cases/26cd3f35-1c8f-409b-a0b1-90be27f6843a/intelligence - Body: undefined
[2026-02-28T10:46:27.835Z] GET /api/admin/analytics - Body: undefined
[2026-02-28T10:46:27.838Z] GET /api/admin/analytics - Body: undefined
[2026-02-28T10:46:27.854Z] GET /api/cases - Body: undefined
[2026-02-28T10:46:27.858Z] GET /api/admin/audit-logs - Body: undefined
[2026-02-28T10:47:29.720Z] GET /api/admin/analytics - Body: undefined
[2026-02-28T10:47:29.755Z] GET /api/admin/analytics - Body: undefined
[2026-02-28T10:47:29.814Z] GET /api/cases - Body: undefined
[2026-02-28T10:47:29.816Z] GET /api/admin/audit-logs - Body: undefined
[2026-02-28T10:47:39.140Z] PATCH /api/cases/26cd3f35-1c8f-409b-a0b1-90be27f6843a/status - Body: {"status":"BANK_REVIEW","officer_name":"Tanay"}
[2026-02-28T10:47:40.027Z] GET /api/cases - Body: undefined
[2026-02-28T10:47:40.031Z] GET /api/admin/audit-logs - Body: undefined
[2026-02-28T10:47:40.032Z] GET /api/admin/analytics - Body: undefined
[2026-02-28T10:47:40.219Z] GET /api/cases - Body: undefined
[2026-02-28T10:47:40.223Z] GET /api/admin/analytics - Body: undefined
[2026-02-28T10:47:40.224Z] GET /api/admin/audit-logs - Body: undefined
[2026-02-28T10:47:48.844Z] PATCH /api/cases/26cd3f35-1c8f-409b-a0b1-90be27f6843a/status - Body: {"status":"FREEZE_CONFIRMED","frozen_amount":324232,"officer_name":"Tanay"}
[2026-02-28T10:47:49.216Z] GET /api/admin/analytics - Body: undefined
[2026-02-28T10:47:49.219Z] GET /api/cases - Body: undefined
[2026-02-28T10:47:49.220Z] GET /api/admin/audit-logs - Body: undefined
[2026-02-28T10:47:49.377Z] GET /api/cases - Body: undefined
[2026-02-28T10:47:49.380Z] GET /api/admin/analytics - Body: undefined
[2026-02-28T10:47:49.381Z] GET /api/admin/audit-logs - Body: undefined
[2026-02-28T10:48:01.877Z] GET /api/cases - Body: undefined
[2026-02-28T10:48:01.882Z] GET /api/cases - Body: undefined
[2026-02-28T10:48:02.131Z] GET /api/cases/26cd3f35-1c8f-409b-a0b1-90be27f6843a/intelligence - Body: undefined
[2026-02-28T10:48:02.379Z] GET /api/cases/26cd3f35-1c8f-409b-a0b1-90be27f6843a/intelligence - Body: undefined
[2026-02-28T10:48:13.484Z] GET /api/admin/analytics - Body: undefined
[2026-02-28T10:48:13.491Z] GET /api/admin/analytics - Body: undefined
[2026-02-28T10:48:13.496Z] GET /api/cases - Body: undefined
[2026-02-28T10:48:13.501Z] GET /api/admin/audit-logs - Body: undefined
[2026-02-28T10:48:21.825Z] POST /api/cases/26cd3f35-1c8f-409b-a0b1-90be27f6843a/escalate - Body: undefined
[2026-02-28T10:48:22.896Z] POST /api/generate-legal - Body: {"case_id":"26cd3f35-1c8f-409b-a0b1-90be27f6843a","institution":"Beneficiary Bank"}
[2026-02-28T10:48:23.047Z] GET /api/cases - Body: undefined
[2026-02-28T10:48:23.048Z] GET /api/admin/analytics - Body: undefined
[2026-02-28T10:48:23.048Z] GET /api/admin/audit-logs - Body: undefined
[2026-02-28T10:48:26.606Z] POST /api/cases/26cd3f35-1c8f-409b-a0b1-90be27f6843a/escalate - Body: undefined
[2026-02-28T10:48:29.762Z] GET /api/cases - Body: undefined
[2026-02-28T10:48:29.766Z] GET /api/admin/analytics - Body: undefined
[2026-02-28T10:48:29.770Z] GET /api/admin/audit-logs - Body: undefined
[2026-02-28T10:48:39.086Z] GET /api/admin/analytics - Body: undefined
[2026-02-28T10:48:39.108Z] GET /api/admin/analytics - Body: undefined
[2026-02-28T10:48:39.140Z] GET /api/cases - Body: undefined
[2026-02-28T10:48:39.144Z] GET /api/admin/audit-logs - Body: undefined
[2026-02-28T10:48:46.398Z] PATCH /api/cases/26cd3f35-1c8f-409b-a0b1-90be27f6843a/status - Body: {"status":"FUNDS_CREDITED","officer_name":"Tanay"}
[2026-02-28T10:48:46.798Z] GET /api/cases - Body: undefined
[2026-02-28T10:48:46.800Z] GET /api/admin/analytics - Body: undefined
[2026-02-28T10:48:46.801Z] GET /api/admin/audit-logs - Body: undefined
[2026-02-28T10:48:46.922Z] GET /api/cases - Body: undefined
[2026-02-28T10:48:46.925Z] GET /api/admin/analytics - Body: undefined
[2026-02-28T10:48:46.926Z] GET /api/admin/audit-logs - Body: undefined
[2026-02-28T10:48:53.859Z] GET /api/cases/26cd3f35-1c8f-409b-a0b1-90be27f6843a/download-legal - Body: undefined
[2026-02-28T10:49:10.465Z] GET /api/cases - Body: undefined
[2026-02-28T10:49:10.481Z] GET /api/admin/analytics - Body: undefined
[2026-02-28T10:49:10.484Z] GET /api/admin/audit-logs - Body: undefined
[2026-02-28T10:49:32.586Z] GET /api/admin/analytics - Body: undefined
[2026-02-28T10:49:32.592Z] GET /api/admin/analytics - Body: undefined
[2026-02-28T10:49:32.679Z] GET /api/cases - Body: undefined
[2026-02-28T10:49:32.688Z] GET /api/admin/audit-logs - Body: undefined
[2026-02-28T10:50:15.829Z] GET /api/cases - Body: undefined
[2026-02-28T10:50:25.818Z] GET /api/cases - Body: undefined
[2026-02-28T10:50:30.331Z] GET /api/admin/analytics - Body: undefined
[2026-02-28T10:50:30.355Z] GET /api/cases - Body: undefined
[2026-02-28T10:50:30.359Z] GET /api/admin/audit-logs - Body: undefined
[2026-02-28T10:50:36.807Z] GET /api/admin/analytics - Body: undefined
[2026-02-28T10:50:36.877Z] GET /api/cases - Body: undefined
[2026-02-28T10:50:36.896Z] GET /api/admin/analytics - Body: undefined
[2026-02-28T10:50:36.899Z] GET /api/admin/audit-logs - Body: undefined
[2026-02-28T10:52:21.024Z] GET /api/admin/analytics - Body: undefined
[2026-02-28T10:52:21.060Z] GET /api/admin/analytics - Body: undefined
[2026-02-28T10:52:21.098Z] GET /api/cases - Body: undefined
[2026-02-28T10:52:21.108Z] GET /api/admin/audit-logs - Body: undefined
[2026-02-28T10:53:10.207Z] GET /api/cases - Body: undefined
[2026-02-28T10:53:10.231Z] GET /api/cases - Body: undefined
[2026-02-28T10:53:13.110Z] GET /api/cases - Body: undefined
[2026-02-28T10:53:13.115Z] GET /api/cases - Body: undefined
[2026-02-28T10:53:13.205Z] GET /api/cases/c95e7776-15f9-428f-8697-2070546d7a1e/intelligence - Body: undefined
[2026-02-28T10:53:16.846Z] GET /api/cases - Body: undefined
[2026-02-28T10:53:16.854Z] GET /api/cases - Body: undefined
[2026-02-28T10:53:18.610Z] GET /api/cases - Body: undefined
[2026-02-28T10:53:18.614Z] GET /api/cases - Body: undefined
[2026-02-28T10:53:18.690Z] GET /api/cases/eccb25b5-07ef-44d2-8fc7-9d9008fcf79f/intelligence - Body: undefined
[2026-02-28T10:53:24.785Z] GET /api/cases - Body: undefined
[2026-02-28T10:53:24.790Z] GET /api/cases - Body: undefined
[2026-02-28T10:53:27.314Z] GET /api/cases - Body: undefined
[2026-02-28T10:53:27.315Z] GET /api/cases - Body: undefined
[2026-02-28T10:53:27.402Z] GET /api/cases/eccb25b5-07ef-44d2-8fc7-9d9008fcf79f/intelligence - Body: undefined
[2026-02-28T10:53:27.411Z] GET /api/cases/eccb25b5-07ef-44d2-8fc7-9d9008fcf79f/intelligence - Body: undefined
[2026-02-28T10:53:36.002Z] GET /api/cases - Body: undefined
[2026-02-28T10:53:36.015Z] GET /api/cases - Body: undefined
[2026-02-28T10:53:46.088Z] GET /api/cases - Body: undefined
[2026-02-28T10:54:14.653Z] GET /api/cases - Body: undefined
[2026-02-28T10:54:24.633Z] GET /api/cases - Body: undefined
[2026-02-28T10:54:26.262Z] GET /api/admin/analytics - Body: undefined
[2026-02-28T10:54:26.264Z] GET /api/admin/analytics - Body: undefined
[2026-02-28T10:54:26.278Z] GET /api/cases - Body: undefined
[2026-02-28T10:54:26.280Z] GET /api/admin/audit-logs - Body: undefined
[2026-02-28T10:54:46.018Z] GET /api/cases - Body: undefined
[2026-02-28T10:54:46.028Z] GET /api/cases - Body: undefined
[2026-02-28T10:54:46.544Z] GET /api/cases/26cd3f35-1c8f-409b-a0b1-90be27f6843a/intelligence - Body: undefined
[2026-02-28T10:58:16.727Z] GET /api/cases - Body: undefined
[2026-02-28T10:58:16.770Z] GET /api/cases - Body: undefined
[2026-02-28T10:58:21.041Z] GET /api/admin/analytics - Body: undefined
[2026-02-28T10:58:21.045Z] GET /api/admin/analytics - Body: undefined
[2026-02-28T10:58:21.055Z] GET /api/cases - Body: undefined
[2026-02-28T10:58:21.060Z] GET /api/admin/audit-logs - Body: undefined
[2026-02-28T10:59:57.242Z] GET /api/cases - Body: undefined
[2026-02-28T10:59:57.279Z] GET /api/cases - Body: undefined
[2026-02-28T11:00:01.579Z] GET /api/cases - Body: undefined
[2026-02-28T11:00:01.595Z] GET /api/cases - Body: undefined
[2026-02-28T11:00:01.703Z] GET /api/cases/26cd3f35-1c8f-409b-a0b1-90be27f6843a/intelligence - Body: undefined
[2026-02-28T11:00:01.708Z] GET /api/cases/26cd3f35-1c8f-409b-a0b1-90be27f6843a/intelligence - Body: undefined
[2026-02-28T11:00:17.794Z] GET /api/admin/analytics - Body: undefined
[2026-02-28T11:00:17.807Z] GET /api/admin/analytics - Body: undefined
[2026-02-28T11:00:17.809Z] GET /api/cases - Body: undefined
[2026-02-28T11:00:17.810Z] GET /api/admin/audit-logs - Body: undefined
[2026-02-28T11:00:43.647Z] GET /api/cases - Body: undefined
[2026-02-28T11:00:43.652Z] GET /api/cases - Body: undefined
[2026-02-28T11:00:43.826Z] GET /api/cases/26cd3f35-1c8f-409b-a0b1-90be27f6843a/intelligence - Body: undefined
[2026-02-28T11:00:44.515Z] GET /api/cases/26cd3f35-1c8f-409b-a0b1-90be27f6843a/intelligence - Body: undefined
[2026-02-28T11:01:25.926Z] POST /api/otp/generate - Body: {"phone":"8591784184"}

-------------------------------------------
[AUTH] DIRECT_LOG_TRIGGERED for: 8591784184
[AUTH] GENERATED_OTP: 419046 <<<<<<<<<<<<<<
-------------------------------------------
[2026-02-28T11:01:34.897Z] POST /api/otp/verify - Body: {"phone":"8591784184","code":"419046"}
[2026-02-28T11:01:35.084Z] POST /api/cases - Body: {"payload":{"txn_id":"1343214","amount":"23423","utr":"42313423413","beneficiary_vpa":"UPI","bank_name":"BOB","incident_date":"2026-02-28","legitimacy_score":50,"phone":"8591784184","entry_method":"manual"},"origin":"MANUAL"}
[2026-02-28T11:01:35.534Z] GET /api/cases - Body: undefined
[2026-02-28T11:01:35.647Z] GET /api/cases/2a57f007-4450-4024-95db-8359922a8ea6/intelligence - Body: undefined
[2026-02-28T11:01:43.281Z] GET /api/admin/analytics - Body: undefined
[2026-02-28T11:01:43.285Z] GET /api/admin/analytics - Body: undefined
[2026-02-28T11:01:43.290Z] GET /api/cases - Body: undefined
[2026-02-28T11:01:43.295Z] GET /api/admin/audit-logs - Body: undefined
[2026-02-28T11:01:50.021Z] PATCH /api/cases/2a57f007-4450-4024-95db-8359922a8ea6/status - Body: {"status":"BANK_REVIEW","officer_name":"Tanay"}
[2026-02-28T11:01:50.472Z] GET /api/cases - Body: undefined
[2026-02-28T11:01:50.474Z] GET /api/admin/analytics - Body: undefined
[2026-02-28T11:01:50.481Z] GET /api/admin/audit-logs - Body: undefined
[2026-02-28T11:01:50.666Z] GET /api/cases - Body: undefined
[2026-02-28T11:01:50.668Z] GET /api/admin/analytics - Body: undefined
[2026-02-28T11:01:50.670Z] GET /api/admin/audit-logs - Body: undefined
[2026-02-28T11:02:07.136Z] PATCH /api/cases/2a57f007-4450-4024-95db-8359922a8ea6/status - Body: {"status":"FREEZE_CONFIRMED","frozen_amount":23423,"officer_name":"Tanay"}
[2026-02-28T11:02:07.587Z] GET /api/admin/analytics - Body: undefined
[2026-02-28T11:02:07.590Z] GET /api/cases - Body: undefined
[2026-02-28T11:02:07.591Z] GET /api/admin/audit-logs - Body: undefined
[2026-02-28T11:02:07.740Z] GET /api/cases - Body: undefined
[2026-02-28T11:02:07.742Z] GET /api/admin/analytics - Body: undefined
[2026-02-28T11:02:07.743Z] GET /api/admin/audit-logs - Body: undefined
[2026-02-28T11:02:13.628Z] GET /api/cases - Body: undefined
[2026-02-28T11:02:13.632Z] GET /api/cases - Body: undefined
[2026-02-28T11:02:13.757Z] GET /api/cases/2a57f007-4450-4024-95db-8359922a8ea6/intelligence - Body: undefined
[2026-02-28T11:02:14.023Z] GET /api/cases/2a57f007-4450-4024-95db-8359922a8ea6/intelligence - Body: undefined
[2026-02-28T11:02:20.475Z] GET /api/admin/analytics - Body: undefined
[2026-02-28T11:02:20.479Z] GET /api/admin/analytics - Body: undefined
[2026-02-28T11:02:20.483Z] GET /api/cases - Body: undefined
[2026-02-28T11:02:20.487Z] GET /api/admin/audit-logs - Body: undefined
[2026-02-28T11:02:42.486Z] POST /api/cases/2a57f007-4450-4024-95db-8359922a8ea6/escalate - Body: undefined
[2026-02-28T11:02:42.878Z] GET /api/admin/analytics - Body: undefined
[2026-02-28T11:02:42.881Z] GET /api/cases - Body: undefined
[2026-02-28T11:02:42.882Z] GET /api/admin/audit-logs - Body: undefined
[2026-02-28T11:02:43.106Z] GET /api/cases - Body: undefined
[2026-02-28T11:02:43.108Z] GET /api/admin/analytics - Body: undefined
[2026-02-28T11:02:43.110Z] GET /api/admin/audit-logs - Body: undefined
[2026-02-28T11:03:01.887Z] GET /api/cases - Body: undefined
[2026-02-28T11:03:01.894Z] GET /api/cases - Body: undefined
[2026-02-28T11:03:02.034Z] GET /api/cases/2a57f007-4450-4024-95db-8359922a8ea6/intelligence - Body: undefined
[2026-02-28T11:03:02.109Z] GET /api/cases/2a57f007-4450-4024-95db-8359922a8ea6/intelligence - Body: undefined
[2026-02-28T11:03:07.782Z] GET /api/admin/analytics - Body: undefined
[2026-02-28T11:03:07.790Z] GET /api/admin/analytics - Body: undefined
[2026-02-28T11:03:07.793Z] GET /api/cases - Body: undefined
[2026-02-28T11:03:07.799Z] GET /api/admin/audit-logs - Body: undefined
[2026-02-28T11:03:16.002Z] PATCH /api/cases/2a57f007-4450-4024-95db-8359922a8ea6/status - Body: {"status":"FUNDS_CREDITED","officer_name":"Tanay"}
[2026-02-28T11:03:16.424Z] GET /api/cases - Body: undefined
[2026-02-28T11:03:16.426Z] GET /api/admin/analytics - Body: undefined
[2026-02-28T11:03:16.428Z] GET /api/admin/audit-logs - Body: undefined
[2026-02-28T11:03:16.593Z] GET /api/cases - Body: undefined
[2026-02-28T11:03:16.596Z] GET /api/admin/analytics - Body: undefined
[2026-02-28T11:03:16.598Z] GET /api/admin/audit-logs - Body: undefined
[2026-02-28T11:03:23.395Z] GET /api/cases/2a57f007-4450-4024-95db-8359922a8ea6/download-legal - Body: undefined
